@!@!@STARTMSG 2262:0 @!@!@
TLC2 Version 2.15 of Day Month 20?? (rev: eb3ff99)
@!@!@ENDMSG 2262 @!@!@
@!@!@STARTMSG 2187:0 @!@!@
Running breadth-first search Model-Checking with fp 62 and seed 7087142892736937778 with 45 workers on 64 cores with 15259MB heap and 34317MB offheap memory [pid: 1922500] (Linux 5.4.0-42-generic amd64, AdoptOpenJDK 14.0.1 x86_64, OffHeapDiskFPSet, DiskStateQueue).
@!@!@ENDMSG 2187 @!@!@
@!@!@STARTMSG 2220:0 @!@!@
Starting SANY...
@!@!@ENDMSG 2220 @!@!@
Parsing file /home/ostera/repos/github.com/AbstractMachinesLab/crane/spec/Crane_BuildGraphExecution.toolbox/Workers_stop_when_queue_is_empty/MC.tla
Parsing file /home/ostera/repos/github.com/AbstractMachinesLab/crane/spec/Crane_BuildGraphExecution.toolbox/Workers_stop_when_queue_is_empty/Crane_BuildGraphExecution.tla
!! WARNING: Either the PlusCal or its TLA+ translation has changed in the specification for Crane_BuildGraphExecution since the last time translation was performed.
Parsing file /home/ostera/Downloads/TLA/toolbox/plugins/org.lamport.tlatools_1.0.0.202004251858/tla2sany/StandardModules/TLC.tla
Parsing file /home/ostera/Downloads/TLA/toolbox/plugins/org.lamport.tlatools_1.0.0.202004251858/tla2sany/StandardModules/Naturals.tla
Parsing file /home/ostera/Downloads/TLA/toolbox/plugins/org.lamport.tlatools_1.0.0.202004251858/tla2sany/StandardModules/Integers.tla
Parsing file /home/ostera/Downloads/TLA/toolbox/plugins/org.lamport.tlatools_1.0.0.202004251858/tla2sany/StandardModules/Sequences.tla
Parsing file /home/ostera/Downloads/TLA/toolbox/plugins/org.lamport.tlatools_1.0.0.202004251858/tla2sany/StandardModules/FiniteSets.tla
Semantic processing of module Naturals
Semantic processing of module Integers
Semantic processing of module Sequences
Semantic processing of module Crane_BuildGraphExecution
Semantic processing of module FiniteSets
Semantic processing of module TLC
Semantic processing of module MC
@!@!@STARTMSG 2219:0 @!@!@
SANY finished.
@!@!@ENDMSG 2219 @!@!@
@!@!@STARTMSG 2185:0 @!@!@
Starting... (2020-09-09 19:17:15)
@!@!@ENDMSG 2185 @!@!@
@!@!@STARTMSG 2212:0 @!@!@
Implied-temporal checking--satisfiability problem has 2 branches.
@!@!@ENDMSG 2212 @!@!@
@!@!@STARTMSG 2189:0 @!@!@
Computing initial states...
@!@!@ENDMSG 2189 @!@!@
@!@!@STARTMSG 2190:0 @!@!@
Finished computing initial states: 1 distinct state generated at 2020-09-09 19:17:18.
@!@!@ENDMSG 2190 @!@!@
@!@!@STARTMSG 2200:0 @!@!@
Progress(23) at 2020-09-09 19:17:19: 5,121 states generated, 2,277 distinct states found, 0 states left on queue.
@!@!@ENDMSG 2200 @!@!@
@!@!@STARTMSG 2192:0 @!@!@
Checking 2 branches of temporal properties for the complete state space with 4554 total distinct states at (2020-09-09 19:17:19)
@!@!@ENDMSG 2192 @!@!@
@!@!@STARTMSG 2116:1 @!@!@
Temporal properties were violated.

@!@!@ENDMSG 2116 @!@!@
@!@!@STARTMSG 2264:1 @!@!@
The following behavior constitutes a counter-example:

@!@!@ENDMSG 2264 @!@!@
@!@!@STARTMSG 2217:4 @!@!@
1: <Initial predicate>
/\ work_done = {}
/\ abort = FALSE
/\ current_job = <<-1, -1>>
/\ pc = <<"Loop", "Loop">>
/\ queue = 5
/\ nodes = <<"waiting", "waiting", "waiting", "waiting", "waiting">>

@!@!@ENDMSG 2217 @!@!@
@!@!@STARTMSG 2217:4 @!@!@
2: <Loop line 117, col 15 to line 125, col 49 of module Crane_BuildGraphExecution>
/\ work_done = {}
/\ abort = FALSE
/\ current_job = <<5, -1>>
/\ pc = <<"Work", "Loop">>
/\ queue = 4
/\ nodes = <<"waiting", "waiting", "waiting", "waiting", "building">>

@!@!@ENDMSG 2217 @!@!@
@!@!@STARTMSG 2217:4 @!@!@
3: <Loop line 117, col 15 to line 125, col 49 of module Crane_BuildGraphExecution>
/\ work_done = {}
/\ abort = FALSE
/\ current_job = <<5, 4>>
/\ pc = <<"Work", "Work">>
/\ queue = 3
/\ nodes = <<"waiting", "waiting", "waiting", "building", "building">>

@!@!@ENDMSG 2217 @!@!@
@!@!@STARTMSG 2217:4 @!@!@
4: <Work line 127, col 15 to line 131, col 76 of module Crane_BuildGraphExecution>
/\ work_done = {}
/\ abort = FALSE
/\ current_job = <<5, 4>>
/\ pc = <<"BuildNode", "Work">>
/\ queue = 3
/\ nodes = <<"waiting", "waiting", "waiting", "building", "building">>

@!@!@ENDMSG 2217 @!@!@
@!@!@STARTMSG 2217:4 @!@!@
5: <Work line 127, col 15 to line 131, col 76 of module Crane_BuildGraphExecution>
/\ work_done = {}
/\ abort = FALSE
/\ current_job = <<5, 4>>
/\ pc = <<"BuildNode", "BuildNode">>
/\ queue = 3
/\ nodes = <<"waiting", "waiting", "waiting", "building", "building">>

@!@!@ENDMSG 2217 @!@!@
@!@!@STARTMSG 2217:4 @!@!@
6: <BuildNode line 150, col 20 to line 154, col 81 of module Crane_BuildGraphExecution>
/\ work_done = {}
/\ abort = FALSE
/\ current_job = <<5, 4>>
/\ pc = <<"BuildNode", "WorkSucceeds">>
/\ queue = 3
/\ nodes = <<"waiting", "waiting", "waiting", "building", "building">>

@!@!@ENDMSG 2217 @!@!@
@!@!@STARTMSG 2217:4 @!@!@
7: <BuildNode line 150, col 20 to line 154, col 81 of module Crane_BuildGraphExecution>
/\ work_done = {}
/\ abort = FALSE
/\ current_job = <<5, 4>>
/\ pc = <<"WorkSucceeds", "WorkSucceeds">>
/\ queue = 3
/\ nodes = <<"waiting", "waiting", "waiting", "building", "building">>

@!@!@ENDMSG 2217 @!@!@
@!@!@STARTMSG 2217:4 @!@!@
8: <WorkSucceeds line 156, col 23 to line 160, col 66 of module Crane_BuildGraphExecution>
/\ work_done = {5}
/\ abort = FALSE
/\ current_job = <<5, 4>>
/\ pc = <<"Loop", "WorkSucceeds">>
/\ queue = 3
/\ nodes = <<"waiting", "waiting", "waiting", "building", "built">>

@!@!@ENDMSG 2217 @!@!@
@!@!@STARTMSG 2217:4 @!@!@
9: <WorkSucceeds line 156, col 23 to line 160, col 66 of module Crane_BuildGraphExecution>
/\ work_done = {4, 5}
/\ abort = FALSE
/\ current_job = <<5, 4>>
/\ pc = <<"Loop", "Loop">>
/\ queue = 3
/\ nodes = <<"waiting", "waiting", "waiting", "built", "built">>

@!@!@ENDMSG 2217 @!@!@
@!@!@STARTMSG 2217:4 @!@!@
10: <Loop line 117, col 15 to line 125, col 49 of module Crane_BuildGraphExecution>
/\ work_done = {4, 5}
/\ abort = FALSE
/\ current_job = <<5, 3>>
/\ pc = <<"Loop", "Work">>
/\ queue = 2
/\ nodes = <<"waiting", "waiting", "building", "built", "built">>

@!@!@ENDMSG 2217 @!@!@
@!@!@STARTMSG 2217:4 @!@!@
11: <Work line 127, col 15 to line 131, col 76 of module Crane_BuildGraphExecution>
/\ work_done = {4, 5}
/\ abort = FALSE
/\ current_job = <<5, 3>>
/\ pc = <<"Loop", "BuildNode">>
/\ queue = 2
/\ nodes = <<"waiting", "waiting", "building", "built", "built">>

@!@!@ENDMSG 2217 @!@!@
@!@!@STARTMSG 2217:4 @!@!@
12: <BuildNode line 150, col 20 to line 154, col 81 of module Crane_BuildGraphExecution>
/\ work_done = {4, 5}
/\ abort = FALSE
/\ current_job = <<5, 3>>
/\ pc = <<"Loop", "CacheHit">>
/\ queue = 2
/\ nodes = <<"waiting", "waiting", "building", "built", "built">>

@!@!@ENDMSG 2217 @!@!@
@!@!@STARTMSG 2217:4 @!@!@
13: <CacheHit line 162, col 19 to line 166, col 62 of module Crane_BuildGraphExecution>
/\ work_done = {3, 4, 5}
/\ abort = FALSE
/\ current_job = <<5, 3>>
/\ pc = <<"Loop", "Loop">>
/\ queue = 2
/\ nodes = <<"waiting", "waiting", "built", "built", "built">>

@!@!@ENDMSG 2217 @!@!@
@!@!@STARTMSG 2217:4 @!@!@
14: <Loop line 117, col 15 to line 125, col 49 of module Crane_BuildGraphExecution>
/\ work_done = {3, 4, 5}
/\ abort = FALSE
/\ current_job = <<5, 2>>
/\ pc = <<"Loop", "Work">>
/\ queue = 1
/\ nodes = <<"waiting", "building", "built", "built", "built">>

@!@!@ENDMSG 2217 @!@!@
@!@!@STARTMSG 2217:4 @!@!@
15: <Work line 127, col 15 to line 131, col 76 of module Crane_BuildGraphExecution>
/\ work_done = {3, 4, 5}
/\ abort = FALSE
/\ current_job = <<5, 2>>
/\ pc = <<"Loop", "BuildNode">>
/\ queue = 1
/\ nodes = <<"waiting", "building", "built", "built", "built">>

@!@!@ENDMSG 2217 @!@!@
@!@!@STARTMSG 2217:4 @!@!@
16: <Loop line 117, col 15 to line 125, col 49 of module Crane_BuildGraphExecution>
/\ work_done = {3, 4, 5}
/\ abort = FALSE
/\ current_job = <<1, 2>>
/\ pc = <<"Work", "BuildNode">>
/\ queue = 0
/\ nodes = <<"building", "building", "built", "built", "built">>

@!@!@ENDMSG 2217 @!@!@
@!@!@STARTMSG 2217:4 @!@!@
17: <BuildNode line 150, col 20 to line 154, col 81 of module Crane_BuildGraphExecution>
/\ work_done = {3, 4, 5}
/\ abort = FALSE
/\ current_job = <<1, 2>>
/\ pc = <<"Work", "WorkSucceeds">>
/\ queue = 0
/\ nodes = <<"building", "building", "built", "built", "built">>

@!@!@ENDMSG 2217 @!@!@
@!@!@STARTMSG 2217:4 @!@!@
18: <Work line 127, col 15 to line 131, col 76 of module Crane_BuildGraphExecution>
/\ work_done = {3, 4, 5}
/\ abort = FALSE
/\ current_job = <<1, 2>>
/\ pc = <<"BuildNode", "WorkSucceeds">>
/\ queue = 0
/\ nodes = <<"building", "building", "built", "built", "built">>

@!@!@ENDMSG 2217 @!@!@
@!@!@STARTMSG 2217:4 @!@!@
19: <BuildNode line 150, col 20 to line 154, col 81 of module Crane_BuildGraphExecution>
/\ work_done = {3, 4, 5}
/\ abort = FALSE
/\ current_job = <<1, 2>>
/\ pc = <<"WorkSucceeds", "WorkSucceeds">>
/\ queue = 0
/\ nodes = <<"building", "building", "built", "built", "built">>

@!@!@ENDMSG 2217 @!@!@
@!@!@STARTMSG 2217:4 @!@!@
20: <WorkSucceeds line 156, col 23 to line 160, col 66 of module Crane_BuildGraphExecution>
/\ work_done = {1, 3, 4, 5}
/\ abort = FALSE
/\ current_job = <<1, 2>>
/\ pc = <<"Loop", "WorkSucceeds">>
/\ queue = 0
/\ nodes = <<"built", "building", "built", "built", "built">>

@!@!@ENDMSG 2217 @!@!@
@!@!@STARTMSG 2217:4 @!@!@
21: <WorkSucceeds line 156, col 23 to line 160, col 66 of module Crane_BuildGraphExecution>
/\ work_done = {1, 2, 3, 4, 5}
/\ abort = FALSE
/\ current_job = <<1, 2>>
/\ pc = <<"Loop", "Loop">>
/\ queue = 0
/\ nodes = <<"built", "built", "built", "built", "built">>

@!@!@ENDMSG 2217 @!@!@
@!@!@STARTMSG 2217:4 @!@!@
22: <Loop line 117, col 15 to line 125, col 49 of module Crane_BuildGraphExecution>
/\ work_done = {1, 2, 3, 4, 5}
/\ abort = FALSE
/\ current_job = <<1, 2>>
/\ pc = <<"Loop", "Done">>
/\ queue = 0
/\ nodes = <<"built", "built", "built", "built", "built">>

@!@!@ENDMSG 2217 @!@!@
@!@!@STARTMSG 2217:4 @!@!@
23: <Loop line 117, col 15 to line 125, col 49 of module Crane_BuildGraphExecution>
/\ work_done = {1, 2, 3, 4, 5}
/\ abort = FALSE
/\ current_job = <<1, 2>>
/\ pc = <<"Done", "Done">>
/\ queue = 0
/\ nodes = <<"built", "built", "built", "built", "built">>

@!@!@ENDMSG 2217 @!@!@
@!@!@STARTMSG 2218:4 @!@!@
24: Stuttering
@!@!@ENDMSG 2218 @!@!@
@!@!@STARTMSG 2267:0 @!@!@
Finished checking temporal properties in 00s at 2020-09-09 19:17:19
@!@!@ENDMSG 2267 @!@!@
@!@!@STARTMSG 2201:0 @!@!@
The coverage statistics at 2020-09-09 19:17:19
@!@!@ENDMSG 2201 @!@!@
@!@!@STARTMSG 2773:0 @!@!@
<Init line 108, col 1 to line 108, col 4 of module Crane_BuildGraphExecution>: 2:2
@!@!@ENDMSG 2773 @!@!@
@!@!@STARTMSG 2221:0 @!@!@
  line 109, col 9 to line 115, col 45 of module Crane_BuildGraphExecution: 2
@!@!@ENDMSG 2221 @!@!@
@!@!@STARTMSG 2772:0 @!@!@
<Loop line 117, col 1 to line 117, col 10 of module Crane_BuildGraphExecution>: 568:1018
@!@!@ENDMSG 2772 @!@!@
@!@!@STARTMSG 2221:0 @!@!@
  line 117, col 18 to line 117, col 34 of module Crane_BuildGraphExecution: 5683
@!@!@ENDMSG 2221 @!@!@
@!@!@STARTMSG 2221:0 @!@!@
  |line 117, col 18 to line 117, col 25 of module Crane_BuildGraphExecution: 4665
@!@!@ENDMSG 2221 @!@!@
@!@!@STARTMSG 2221:0 @!@!@
  line 118, col 21 to line 118, col 38 of module Crane_BuildGraphExecution: 1018
@!@!@ENDMSG 2221 @!@!@
@!@!@STARTMSG 2221:0 @!@!@
  |line 118, col 21 to line 118, col 25 of module Crane_BuildGraphExecution: 1018
@!@!@ENDMSG 2221 @!@!@
@!@!@STARTMSG 2221:0 @!@!@
  |line 118, col 30 to line 118, col 38 of module Crane_BuildGraphExecution: 440
@!@!@ENDMSG 2221 @!@!@
@!@!@STARTMSG 2221:0 @!@!@
  line 119, col 29 to line 119, col 62 of module Crane_BuildGraphExecution: 741
@!@!@ENDMSG 2221 @!@!@
@!@!@STARTMSG 2221:0 @!@!@
  line 120, col 29 to line 120, col 69 of module Crane_BuildGraphExecution: 741
@!@!@ENDMSG 2221 @!@!@
@!@!@STARTMSG 2221:0 @!@!@
  line 121, col 26 to line 124, col 62 of module Crane_BuildGraphExecution: 277
@!@!@ENDMSG 2221 @!@!@
@!@!@STARTMSG 2221:0 @!@!@
  line 125, col 18 to line 125, col 49 of module Crane_BuildGraphExecution: 1018
@!@!@ENDMSG 2221 @!@!@
@!@!@STARTMSG 2772:0 @!@!@
<Work line 127, col 1 to line 127, col 10 of module Crane_BuildGraphExecution>: 425:882
@!@!@ENDMSG 2772 @!@!@
@!@!@STARTMSG 2221:0 @!@!@
  line 127, col 18 to line 127, col 34 of module Crane_BuildGraphExecution: 5099
@!@!@ENDMSG 2221 @!@!@
@!@!@STARTMSG 2221:0 @!@!@
  |line 127, col 18 to line 127, col 25 of module Crane_BuildGraphExecution: 4658
@!@!@ENDMSG 2221 @!@!@
@!@!@STARTMSG 2221:0 @!@!@
  line 128, col 18 to line 128, col 40 of module Crane_BuildGraphExecution: 882
@!@!@ENDMSG 2221 @!@!@
@!@!@STARTMSG 2221:0 @!@!@
  |line 128, col 18 to line 128, col 34 of module Crane_BuildGraphExecution: 441
@!@!@ENDMSG 2221 @!@!@
@!@!@STARTMSG 2221:0 @!@!@
  |line 128, col 39 to line 128, col 40 of module Crane_BuildGraphExecution: 441
@!@!@ENDMSG 2221 @!@!@
@!@!@STARTMSG 2221:0 @!@!@
  line 129, col 18 to line 130, col 62 of module Crane_BuildGraphExecution: 441
@!@!@ENDMSG 2221 @!@!@
@!@!@STARTMSG 2221:0 @!@!@
  line 131, col 18 to line 131, col 76 of module Crane_BuildGraphExecution: 882
@!@!@ENDMSG 2221 @!@!@
@!@!@STARTMSG 2772:0 @!@!@
<CheckOnDependencies line 133, col 1 to line 133, col 25 of module Crane_BuildGraphExecution>: 77:430
@!@!@ENDMSG 2772 @!@!@
@!@!@STARTMSG 2221:0 @!@!@
  line 133, col 33 to line 133, col 64 of module Crane_BuildGraphExecution: 5083
@!@!@ENDMSG 2221 @!@!@
@!@!@STARTMSG 2221:0 @!@!@
  |line 133, col 33 to line 133, col 40 of module Crane_BuildGraphExecution: 4653
@!@!@ENDMSG 2221 @!@!@
@!@!@STARTMSG 2221:0 @!@!@
  line 134, col 36 to line 134, col 100 of module Crane_BuildGraphExecution: 430
@!@!@ENDMSG 2221 @!@!@
@!@!@STARTMSG 2221:0 @!@!@
  |line 134, col 36 to line 134, col 60 of module Crane_BuildGraphExecution: 430
@!@!@ENDMSG 2221 @!@!@
@!@!@STARTMSG 2221:0 @!@!@
  |line 134, col 65 to line 134, col 100 of module Crane_BuildGraphExecution: 344
@!@!@ENDMSG 2221 @!@!@
@!@!@STARTMSG 2221:0 @!@!@
  line 135, col 41 to line 135, col 82 of module Crane_BuildGraphExecution: 267
@!@!@ENDMSG 2221 @!@!@
@!@!@STARTMSG 2221:0 @!@!@
  line 136, col 41 to line 136, col 90 of module Crane_BuildGraphExecution: 163
@!@!@ENDMSG 2221 @!@!@
@!@!@STARTMSG 2221:0 @!@!@
  line 137, col 33 to line 138, col 59 of module Crane_BuildGraphExecution: 430
@!@!@ENDMSG 2221 @!@!@
@!@!@STARTMSG 2772:0 @!@!@
<WaitForDependency line 140, col 1 to line 140, col 23 of module Crane_BuildGraphExecution>: 41:285
@!@!@ENDMSG 2772 @!@!@
@!@!@STARTMSG 2221:0 @!@!@
  line 140, col 31 to line 140, col 60 of module Crane_BuildGraphExecution: 4938
@!@!@ENDMSG 2221 @!@!@
@!@!@STARTMSG 2221:0 @!@!@
  |line 140, col 31 to line 140, col 38 of module Crane_BuildGraphExecution: 4653
@!@!@ENDMSG 2221 @!@!@
@!@!@STARTMSG 2221:0 @!@!@
  line 141, col 34 to line 141, col 113 of module Crane_BuildGraphExecution: 285
@!@!@ENDMSG 2221 @!@!@
@!@!@STARTMSG 2221:0 @!@!@
  |line 141, col 34 to line 141, col 68 of module Crane_BuildGraphExecution: 285
@!@!@ENDMSG 2221 @!@!@
@!@!@STARTMSG 2221:0 @!@!@
  ||line 141, col 34 to line 141, col 39 of module Crane_BuildGraphExecution: 285
@!@!@ENDMSG 2221 @!@!@
@!@!@STARTMSG 2221:0 @!@!@
  ||line 141, col 44 to line 141, col 68 of module Crane_BuildGraphExecution: 229
@!@!@ENDMSG 2221 @!@!@
@!@!@STARTMSG 2221:0 @!@!@
  |line 141, col 73 to line 141, col 113 of module Crane_BuildGraphExecution: 163
@!@!@ENDMSG 2221 @!@!@
@!@!@STARTMSG 2221:0 @!@!@
  line 142, col 39 to line 143, col 88 of module Crane_BuildGraphExecution: 57
@!@!@ENDMSG 2221 @!@!@
@!@!@STARTMSG 2221:0 @!@!@
  line 144, col 45 to line 144, col 50 of module Crane_BuildGraphExecution: 228
@!@!@ENDMSG 2221 @!@!@
@!@!@STARTMSG 2221:0 @!@!@
  line 145, col 50 to line 145, col 91 of module Crane_BuildGraphExecution: 172
@!@!@ENDMSG 2221 @!@!@
@!@!@STARTMSG 2221:0 @!@!@
  line 146, col 50 to line 146, col 86 of module Crane_BuildGraphExecution: 56
@!@!@ENDMSG 2221 @!@!@
@!@!@STARTMSG 2221:0 @!@!@
  line 147, col 31 to line 148, col 57 of module Crane_BuildGraphExecution: 285
@!@!@ENDMSG 2221 @!@!@
@!@!@STARTMSG 2772:0 @!@!@
<BuildNode line 150, col 1 to line 150, col 15 of module Crane_BuildGraphExecution>: 667:1302
@!@!@ENDMSG 2772 @!@!@
@!@!@STARTMSG 2221:0 @!@!@
  line 150, col 23 to line 150, col 44 of module Crane_BuildGraphExecution: 5087
@!@!@ENDMSG 2221 @!@!@
@!@!@STARTMSG 2221:0 @!@!@
  |line 150, col 23 to line 150, col 30 of module Crane_BuildGraphExecution: 4653
@!@!@ENDMSG 2221 @!@!@
@!@!@STARTMSG 2221:0 @!@!@
  line 151, col 23 to line 153, col 68 of module Crane_BuildGraphExecution: 434
@!@!@ENDMSG 2221 @!@!@
@!@!@STARTMSG 2221:0 @!@!@
  line 154, col 23 to line 154, col 81 of module Crane_BuildGraphExecution: 1302
@!@!@ENDMSG 2221 @!@!@
@!@!@STARTMSG 2772:0 @!@!@
<WorkSucceeds line 156, col 1 to line 156, col 18 of module Crane_BuildGraphExecution>: 237:425
@!@!@ENDMSG 2772 @!@!@
@!@!@STARTMSG 2221:0 @!@!@
  line 156, col 26 to line 156, col 50 of module Crane_BuildGraphExecution: 5073
@!@!@ENDMSG 2221 @!@!@
@!@!@STARTMSG 2221:0 @!@!@
  |line 156, col 26 to line 156, col 33 of module Crane_BuildGraphExecution: 4648
@!@!@ENDMSG 2221 @!@!@
@!@!@STARTMSG 2221:0 @!@!@
  line 157, col 26 to line 157, col 79 of module Crane_BuildGraphExecution: 425
@!@!@ENDMSG 2221 @!@!@
@!@!@STARTMSG 2221:0 @!@!@
  line 158, col 26 to line 158, col 76 of module Crane_BuildGraphExecution: 425
@!@!@ENDMSG 2221 @!@!@
@!@!@STARTMSG 2221:0 @!@!@
  line 159, col 26 to line 159, col 59 of module Crane_BuildGraphExecution: 425
@!@!@ENDMSG 2221 @!@!@
@!@!@STARTMSG 2221:0 @!@!@
  line 160, col 26 to line 160, col 66 of module Crane_BuildGraphExecution: 425
@!@!@ENDMSG 2221 @!@!@
@!@!@STARTMSG 2772:0 @!@!@
<CacheHit line 162, col 1 to line 162, col 14 of module Crane_BuildGraphExecution>: 29:421
@!@!@ENDMSG 2772 @!@!@
@!@!@STARTMSG 2221:0 @!@!@
  line 162, col 22 to line 162, col 42 of module Crane_BuildGraphExecution: 5065
@!@!@ENDMSG 2221 @!@!@
@!@!@STARTMSG 2221:0 @!@!@
  |line 162, col 22 to line 162, col 29 of module Crane_BuildGraphExecution: 4644
@!@!@ENDMSG 2221 @!@!@
@!@!@STARTMSG 2221:0 @!@!@
  line 163, col 22 to line 163, col 75 of module Crane_BuildGraphExecution: 421
@!@!@ENDMSG 2221 @!@!@
@!@!@STARTMSG 2221:0 @!@!@
  line 164, col 22 to line 164, col 72 of module Crane_BuildGraphExecution: 421
@!@!@ENDMSG 2221 @!@!@
@!@!@STARTMSG 2221:0 @!@!@
  line 165, col 22 to line 165, col 55 of module Crane_BuildGraphExecution: 421
@!@!@ENDMSG 2221 @!@!@
@!@!@STARTMSG 2221:0 @!@!@
  line 166, col 22 to line 166, col 62 of module Crane_BuildGraphExecution: 421
@!@!@ENDMSG 2221 @!@!@
@!@!@STARTMSG 2772:0 @!@!@
<BuildError line 168, col 1 to line 168, col 16 of module Crane_BuildGraphExecution>: 232:419
@!@!@ENDMSG 2772 @!@!@
@!@!@STARTMSG 2221:0 @!@!@
  line 168, col 24 to line 168, col 46 of module Crane_BuildGraphExecution: 5062
@!@!@ENDMSG 2221 @!@!@
@!@!@STARTMSG 2221:0 @!@!@
  |line 168, col 24 to line 168, col 31 of module Crane_BuildGraphExecution: 4643
@!@!@ENDMSG 2221 @!@!@
@!@!@STARTMSG 2221:0 @!@!@
  line 169, col 24 to line 169, col 79 of module Crane_BuildGraphExecution: 419
@!@!@ENDMSG 2221 @!@!@
@!@!@STARTMSG 2221:0 @!@!@
  line 170, col 24 to line 170, col 36 of module Crane_BuildGraphExecution: 419
@!@!@ENDMSG 2221 @!@!@
@!@!@STARTMSG 2221:0 @!@!@
  line 171, col 24 to line 171, col 57 of module Crane_BuildGraphExecution: 419
@!@!@ENDMSG 2221 @!@!@
@!@!@STARTMSG 2221:0 @!@!@
  line 172, col 24 to line 172, col 68 of module Crane_BuildGraphExecution: 419
@!@!@ENDMSG 2221 @!@!@
@!@!@STARTMSG 2772:0 @!@!@
<Terminating line 180, col 1 to line 180, col 11 of module Crane_BuildGraphExecution>: 0:108
@!@!@ENDMSG 2772 @!@!@
@!@!@STARTMSG 2221:0 @!@!@
  line 180, col 40 to line 180, col 56 of module Crane_BuildGraphExecution: 2926
@!@!@ENDMSG 2221 @!@!@
@!@!@STARTMSG 2221:0 @!@!@
  |line 180, col 40 to line 180, col 47 of module Crane_BuildGraphExecution: 2710
@!@!@ENDMSG 2221 @!@!@
@!@!@STARTMSG 2221:0 @!@!@
  line 180, col 31 to line 180, col 37 of module Crane_BuildGraphExecution: 2315
@!@!@ENDMSG 2221 @!@!@
@!@!@STARTMSG 2221:0 @!@!@
  line 181, col 19 to line 181, col 32 of module Crane_BuildGraphExecution: 108
@!@!@ENDMSG 2221 @!@!@
@!@!@STARTMSG 2774:0 @!@!@
<TypeInvariant line 97, col 1 to line 97, col 13 of module Crane_BuildGraphExecution>
@!@!@ENDMSG 2774 @!@!@
@!@!@STARTMSG 2221:0 @!@!@
  line 97, col 18 to line 97, col 30 of module Crane_BuildGraphExecution: 2277
@!@!@ENDMSG 2221 @!@!@
@!@!@STARTMSG 2202:0 @!@!@
End of statistics.
@!@!@ENDMSG 2202 @!@!@
@!@!@STARTMSG 2200:0 @!@!@
Progress(23) at 2020-09-09 19:17:19: 5,121 states generated (76,375 s/min), 2,277 distinct states found (33,959 ds/min), 0 states left on queue.
@!@!@ENDMSG 2200 @!@!@
@!@!@STARTMSG 2199:0 @!@!@
5121 states generated, 2277 distinct states found, 0 states left on queue.
@!@!@ENDMSG 2199 @!@!@
@!@!@STARTMSG 2186:0 @!@!@
Finished in 4031ms at (2020-09-09 19:17:19)
@!@!@ENDMSG 2186 @!@!@
