This is pdfTeX, Version 3.14159265-2.6-1.40.20 (TeX Live 2019/Debian) (preloaded format=pdflatex 2020.6.18)  9 SEP 2020 19:33
entering extended mode
 restricted \write18 enabled.
 %&-line parsing enabled.
**Crane_BuildGraphExecution.tex
(./Crane_BuildGraphExecution.tex
LaTeX2e <2020-02-02> patch level 2
L3 programming layer <2020-02-14>
(/usr/share/texlive/texmf-dist/tex/latex/base/article.cls
Document Class: article 2019/12/20 v1.4l Standard LaTeX document class
(/usr/share/texlive/texmf-dist/tex/latex/base/size10.clo
File: size10.clo 2019/12/20 v1.4l Standard LaTeX file (size option)
)
\c@part=\count167
\c@section=\count168
\c@subsection=\count169
\c@subsubsection=\count170
\c@paragraph=\count171
\c@subparagraph=\count172
\c@figure=\count173
\c@table=\count174
\abovecaptionskip=\skip47
\belowcaptionskip=\skip48
\bibindent=\dimen134
) (/usr/share/texlive/texmf-dist/tex/latex/graphics/color.sty
Package: color 2019/11/23 v1.2a Standard LaTeX Color (DPC)
(/usr/share/texlive/texmf-dist/tex/latex/graphics-cfg/color.cfg
File: color.cfg 2016/01/02 v1.6 sample color configuration
)
Package color Info: Driver file: pdftex.def on input line 147.
(/usr/share/texlive/texmf-dist/tex/latex/graphics-def/pdftex.def
File: pdftex.def 2018/01/08 v1.0l Graphics/color driver for pdftex
)) (/usr/share/texlive/texmf-dist/tex/latex/base/latexsym.sty
Package: latexsym 1998/08/17 v2.2e Standard LaTeX package (lasy symbols)
\symlasy=\mathgroup4
LaTeX Font Info:    Overwriting symbol font `lasy' in version `bold'
(Font)                  U/lasy/m/n --> U/lasy/b/n on input line 52.
) (/usr/share/texlive/texmf-dist/tex/latex/base/ifthen.sty
Package: ifthen 2014/09/29 v1.1c Standard LaTeX ifthen package (DPC)
)
\symlength=\skip49
\equalswidth=\skip50
\charwidth=\skip51
\boxrulewd=\skip52
\boxlineht=\skip53
\boxruleht=\skip54
\boxruledp=\skip55
\pcalvspace=\skip56
\lcomindent=\skip57
\@xlen=\skip58
\templena=\skip59
\templenb=\skip60
\tempboxa=\box45
\vshadelen=\skip61
\boxwidth=\skip62
\multicommentdepth=\skip63
\c@pardepth=\count175
\tempsbox=\box46
\@cparht=\skip64
\@cpardp=\skip65
\xmcomlen=\skip66
\spacewidth=\skip67
\alignboxwidth=\skip68
\alignwidth=\skip69
\alignbox=\box47
\symtlaitalics=\mathgroup5
\c@tlx@ctr=\count176
(/usr/share/texlive/texmf-dist/tex/latex/tools/verbatim.sty
Package: verbatim 2019/11/10 v1.5r LaTeX2e package for verbatim enhancements
\every@verbatim=\toks14
\verbatim@line=\toks15
\verbatim@in@stream=\read2
) (/usr/share/texlive/texmf-dist/tex/latex/l3backend/l3backend-pdfmode.def
File: l3backend-pdfmode.def 2020-02-03 L3 backend support: PDF mode
\l__kernel_color_stack_int=\count177
\l__pdf_internal_box=\box48
) (./Crane_BuildGraphExecution.aux)
\openout1 = `Crane_BuildGraphExecution.aux'.

LaTeX Font Info:    Checking defaults for OML/cmm/m/it on input line 939.
LaTeX Font Info:    ... okay on input line 939.
LaTeX Font Info:    Checking defaults for OMS/cmsy/m/n on input line 939.
LaTeX Font Info:    ... okay on input line 939.
LaTeX Font Info:    Checking defaults for OT1/cmr/m/n on input line 939.
LaTeX Font Info:    ... okay on input line 939.
LaTeX Font Info:    Checking defaults for T1/cmr/m/n on input line 939.
LaTeX Font Info:    ... okay on input line 939.
LaTeX Font Info:    Checking defaults for TS1/cmr/m/n on input line 939.
LaTeX Font Info:    ... okay on input line 939.
LaTeX Font Info:    Checking defaults for OMX/cmex/m/n on input line 939.
LaTeX Font Info:    ... okay on input line 939.
LaTeX Font Info:    Checking defaults for U/cmr/m/n on input line 939.
LaTeX Font Info:    ... okay on input line 939.
(/usr/share/texlive/texmf-dist/tex/context/base/mkii/supp-pdf.mkii
[Loading MPS to PDF converter (version 2006.09.02).]
\scratchcounter=\count178
\scratchdimen=\dimen135
\scratchbox=\box49
\nofMPsegments=\count179
\nofMParguments=\count180
\everyMPshowfont=\toks16
\MPscratchCnt=\count181
\MPscratchDim=\dimen136
\MPnumerator=\count182
\makeMPintoPDFobject=\count183
\everyMPtoPDFconversion=\toks17
)
LaTeX Font Info:    External font `cmex10' loaded for size
(Font)              <8> on input line 956.
LaTeX Font Info:    External font `cmex10' loaded for size
(Font)              <6> on input line 956.
LaTeX Font Info:    External font `cmex10' loaded for size
(Font)              <5> on input line 956.
LaTeX Font Info:    Trying to load font information for U+lasy on input line 95
6.
(/usr/share/texlive/texmf-dist/tex/latex/base/ulasy.fd
File: ulasy.fd 1998/08/17 v2.2e LaTeX symbol font definitions
)
LaTeX Font Info:    External font `cmex10' loaded for size
(Font)              <7> on input line 1006.

Overfull \hbox (107.04854pt too wide) in paragraph at lines 1055--1057
[][][] 
 []

[1

{/var/lib/texmf/fonts/map/pdftex/updmap/pdftex.map}]
Overfull \hbox (151.67986pt too wide) in paragraph at lines 1095--1097
[][][] 
 []


Overfull \hbox (68.02553pt too wide) in paragraph at lines 1103--1105
[][][] 
 []

[2]
Overfull \hbox (15.21822pt too wide) in paragraph at lines 1155--1162
[][][][] 
 []


Overfull \hbox (90.64854pt too wide) in paragraph at lines 1188--1189
[][] 
 []


Overfull \hbox (3.24263pt too wide) in paragraph at lines 1233--1236
[][] 
 []


Overfull \hbox (28.98686pt too wide) in paragraph at lines 1236--1238
[][] 
 []

[3]
Overfull \hbox (280.60558pt too wide) in paragraph at lines 1263--1266
[][] 
 []


Overfull \hbox (23.98744pt too wide) in paragraph at lines 1266--1269
[][] 
 []


Overfull \hbox (64.32085pt too wide) in paragraph at lines 1269--1271
[][] 
 []


Overfull \hbox (135.59131pt too wide) in paragraph at lines 1279--1281
[][] 
 []


Overfull \hbox (55.21992pt too wide) in paragraph at lines 1283--1285
[][] 
 []


Overfull \hbox (69.46745pt too wide) in paragraph at lines 1288--1290
[][] 
 []


Overfull \hbox (47.55075pt too wide) in paragraph at lines 1290--1292
[][] 
 []


Overfull \hbox (1.21217pt too wide) in paragraph at lines 1309--1310
[][] 
 []

[4]
Overfull \hbox (190.37512pt too wide) in paragraph at lines 1379--1385
[][][][] 
 []

[5] (./Crane_BuildGraphExecution.aux) ) 
Here is how much of TeX's memory you used:
 1244 strings out of 481239
 16860 string characters out of 5920377
 266529 words of memory out of 5000000
 16546 multiletter control sequences out of 15000+600000
 538116 words of font info for 46 fonts, out of 8000000 for 9000
 1141 hyphenation exceptions out of 8191
 25i,10n,25p,202b,286s stack positions out of 5000i,500n,10000p,200000b,80000s
</usr/share/texlive/texmf-dist/fonts/typ
e1/public/amsfonts/cm/cmbx10.pfb></usr/share/texlive/texmf-dist/fonts/type1/pub
lic/amsfonts/cm/cmcsc10.pfb></usr/share/texlive/texmf-dist/fonts/type1/public/a
msfonts/cm/cmmi10.pfb></usr/share/texlive/texmf-dist/fonts/type1/public/amsfont
s/cm/cmr10.pfb></usr/share/texlive/texmf-dist/fonts/type1/public/amsfonts/cm/cm
r5.pfb></usr/share/texlive/texmf-dist/fonts/type1/public/amsfonts/cm/cmr7.pfb><
/usr/share/texlive/texmf-dist/fonts/type1/public/amsfonts/cm/cmr8.pfb></usr/sha
re/texlive/texmf-dist/fonts/type1/public/amsfonts/cm/cmr9.pfb></usr/share/texli
ve/texmf-dist/fonts/type1/public/amsfonts/cm/cmss10.pfb></usr/share/texlive/tex
mf-dist/fonts/type1/public/amsfonts/cm/cmss8.pfb></usr/share/texlive/texmf-dist
/fonts/type1/public/amsfonts/cm/cmsy10.pfb></usr/share/texlive/texmf-dist/fonts
/type1/public/amsfonts/cm/cmsy7.pfb></usr/share/texlive/texmf-dist/fonts/type1/
public/amsfonts/cm/cmsy8.pfb></usr/share/texlive/texmf-dist/fonts/type1/public/
amsfonts/cm/cmti10.pfb></usr/share/texlive/texmf-dist/fonts/type1/public/amsfon
ts/cm/cmti7.pfb></usr/share/texlive/texmf-dist/fonts/type1/public/amsfonts/cm/c
mti8.pfb></usr/share/texlive/texmf-dist/fonts/type1/public/amsfonts/latxfont/la
sy10.pfb>
Output written on Crane_BuildGraphExecution.pdf (5 pages, 188274 bytes).
PDF statistics:
 88 PDF objects out of 1000 (max. 8388607)
 63 compressed objects within 1 object stream
 0 named destinations out of 1000 (max. 500000)
 1 words of extra memory for PDF output out of 10000 (max. 10000000)

