@!@!@STARTMSG 2262:0 @!@!@
TLC2 Version 2.15 of Day Month 20?? (rev: eb3ff99)
@!@!@ENDMSG 2262 @!@!@
@!@!@STARTMSG 2187:0 @!@!@
Running breadth-first search Model-Checking with fp 96 and seed 6223568919439516507 with 45 workers on 64 cores with 15259MB heap and 34317MB offheap memory [pid: 1903152] (Linux 5.4.0-42-generic amd64, AdoptOpenJDK 14.0.1 x86_64, OffHeapDiskFPSet, DiskStateQueue).
@!@!@ENDMSG 2187 @!@!@
@!@!@STARTMSG 2220:0 @!@!@
Starting SANY...
@!@!@ENDMSG 2220 @!@!@
Parsing file /home/ostera/repos/github.com/AbstractMachinesLab/crane/spec/Crane_BuildGraphExecution.toolbox/Workers_stop_when_queue_is_empty/MC.tla
Parsing file /home/ostera/repos/github.com/AbstractMachinesLab/crane/spec/Crane_BuildGraphExecution.toolbox/Workers_stop_when_queue_is_empty/Crane_BuildGraphExecution.tla
Parsing file /home/ostera/Downloads/TLA/toolbox/plugins/org.lamport.tlatools_1.0.0.202004251858/tla2sany/StandardModules/TLC.tla
Parsing file /home/ostera/Downloads/TLA/toolbox/plugins/org.lamport.tlatools_1.0.0.202004251858/tla2sany/StandardModules/Naturals.tla
Parsing file /home/ostera/Downloads/TLA/toolbox/plugins/org.lamport.tlatools_1.0.0.202004251858/tla2sany/StandardModules/Integers.tla
Parsing file /home/ostera/Downloads/TLA/toolbox/plugins/org.lamport.tlatools_1.0.0.202004251858/tla2sany/StandardModules/Sequences.tla
Parsing file /home/ostera/Downloads/TLA/toolbox/plugins/org.lamport.tlatools_1.0.0.202004251858/tla2sany/StandardModules/FiniteSets.tla
Semantic processing of module Naturals
Semantic processing of module Integers
Semantic processing of module Sequences
Semantic processing of module Crane_BuildGraphExecution
Semantic processing of module FiniteSets
Semantic processing of module TLC
Semantic processing of module MC
@!@!@STARTMSG 2219:0 @!@!@
SANY finished.
@!@!@ENDMSG 2219 @!@!@
@!@!@STARTMSG 2185:0 @!@!@
Starting... (2020-09-09 19:12:05)
@!@!@ENDMSG 2185 @!@!@
@!@!@STARTMSG 2212:0 @!@!@
Implied-temporal checking--satisfiability problem has 2 branches.
@!@!@ENDMSG 2212 @!@!@
@!@!@STARTMSG 2189:0 @!@!@
Computing initial states...
@!@!@ENDMSG 2189 @!@!@
@!@!@STARTMSG 2190:0 @!@!@
Finished computing initial states: 1 distinct state generated at 2020-09-09 19:12:07.
@!@!@ENDMSG 2190 @!@!@
@!@!@STARTMSG 2200:0 @!@!@
Progress(23) at 2020-09-09 19:12:08: 5,121 states generated, 2,277 distinct states found, 0 states left on queue.
@!@!@ENDMSG 2200 @!@!@
@!@!@STARTMSG 2192:0 @!@!@
Checking 2 branches of temporal properties for the complete state space with 4554 total distinct states at (2020-09-09 19:12:08)
@!@!@ENDMSG 2192 @!@!@
@!@!@STARTMSG 2267:0 @!@!@
Finished checking temporal properties in 00s at 2020-09-09 19:12:08
@!@!@ENDMSG 2267 @!@!@
@!@!@STARTMSG 2193:0 @!@!@
Model checking completed. No error has been found.
  Estimates of the probability that TLC did not check all reachable states
  because two distinct states had the same fingerprint:
  calculated (optimistic):  val = 3.5E-13
@!@!@ENDMSG 2193 @!@!@
@!@!@STARTMSG 2201:0 @!@!@
The coverage statistics at 2020-09-09 19:12:08
@!@!@ENDMSG 2201 @!@!@
@!@!@STARTMSG 2773:0 @!@!@
<Init line 105, col 1 to line 105, col 4 of module Crane_BuildGraphExecution>: 1:1
@!@!@ENDMSG 2773 @!@!@
@!@!@STARTMSG 2221:0 @!@!@
  line 106, col 9 to line 112, col 45 of module Crane_BuildGraphExecution: 1
@!@!@ENDMSG 2221 @!@!@
@!@!@STARTMSG 2772:0 @!@!@
<Loop line 114, col 1 to line 114, col 10 of module Crane_BuildGraphExecution>: 608:1002
@!@!@ENDMSG 2772 @!@!@
@!@!@STARTMSG 2221:0 @!@!@
  line 114, col 18 to line 114, col 34 of module Crane_BuildGraphExecution: 5630
@!@!@ENDMSG 2221 @!@!@
@!@!@STARTMSG 2221:0 @!@!@
  |line 114, col 18 to line 114, col 25 of module Crane_BuildGraphExecution: 4628
@!@!@ENDMSG 2221 @!@!@
@!@!@STARTMSG 2221:0 @!@!@
  line 115, col 21 to line 115, col 38 of module Crane_BuildGraphExecution: 1002
@!@!@ENDMSG 2221 @!@!@
@!@!@STARTMSG 2221:0 @!@!@
  |line 115, col 21 to line 115, col 25 of module Crane_BuildGraphExecution: 1002
@!@!@ENDMSG 2221 @!@!@
@!@!@STARTMSG 2221:0 @!@!@
  |line 115, col 30 to line 115, col 38 of module Crane_BuildGraphExecution: 423
@!@!@ENDMSG 2221 @!@!@
@!@!@STARTMSG 2221:0 @!@!@
  line 116, col 29 to line 116, col 62 of module Crane_BuildGraphExecution: 737
@!@!@ENDMSG 2221 @!@!@
@!@!@STARTMSG 2221:0 @!@!@
  line 117, col 29 to line 117, col 69 of module Crane_BuildGraphExecution: 737
@!@!@ENDMSG 2221 @!@!@
@!@!@STARTMSG 2221:0 @!@!@
  line 118, col 26 to line 121, col 62 of module Crane_BuildGraphExecution: 265
@!@!@ENDMSG 2221 @!@!@
@!@!@STARTMSG 2221:0 @!@!@
  line 122, col 18 to line 122, col 49 of module Crane_BuildGraphExecution: 1002
@!@!@ENDMSG 2221 @!@!@
@!@!@STARTMSG 2772:0 @!@!@
<Work line 124, col 1 to line 124, col 10 of module Crane_BuildGraphExecution>: 393:860
@!@!@ENDMSG 2772 @!@!@
@!@!@STARTMSG 2221:0 @!@!@
  line 124, col 18 to line 124, col 34 of module Crane_BuildGraphExecution: 5058
@!@!@ENDMSG 2221 @!@!@
@!@!@STARTMSG 2221:0 @!@!@
  |line 124, col 18 to line 124, col 25 of module Crane_BuildGraphExecution: 4628
@!@!@ENDMSG 2221 @!@!@
@!@!@STARTMSG 2221:0 @!@!@
  line 125, col 18 to line 125, col 40 of module Crane_BuildGraphExecution: 860
@!@!@ENDMSG 2221 @!@!@
@!@!@STARTMSG 2221:0 @!@!@
  |line 125, col 18 to line 125, col 34 of module Crane_BuildGraphExecution: 430
@!@!@ENDMSG 2221 @!@!@
@!@!@STARTMSG 2221:0 @!@!@
  |line 125, col 39 to line 125, col 40 of module Crane_BuildGraphExecution: 430
@!@!@ENDMSG 2221 @!@!@
@!@!@STARTMSG 2221:0 @!@!@
  line 126, col 18 to line 127, col 62 of module Crane_BuildGraphExecution: 430
@!@!@ENDMSG 2221 @!@!@
@!@!@STARTMSG 2221:0 @!@!@
  line 128, col 18 to line 128, col 76 of module Crane_BuildGraphExecution: 860
@!@!@ENDMSG 2221 @!@!@
@!@!@STARTMSG 2772:0 @!@!@
<CheckOnDependencies line 130, col 1 to line 130, col 25 of module Crane_BuildGraphExecution>: 74:425
@!@!@ENDMSG 2772 @!@!@
@!@!@STARTMSG 2221:0 @!@!@
  line 130, col 33 to line 130, col 64 of module Crane_BuildGraphExecution: 5053
@!@!@ENDMSG 2221 @!@!@
@!@!@STARTMSG 2221:0 @!@!@
  |line 130, col 33 to line 130, col 40 of module Crane_BuildGraphExecution: 4628
@!@!@ENDMSG 2221 @!@!@
@!@!@STARTMSG 2221:0 @!@!@
  line 131, col 36 to line 131, col 100 of module Crane_BuildGraphExecution: 425
@!@!@ENDMSG 2221 @!@!@
@!@!@STARTMSG 2221:0 @!@!@
  |line 131, col 36 to line 131, col 60 of module Crane_BuildGraphExecution: 425
@!@!@ENDMSG 2221 @!@!@
@!@!@STARTMSG 2221:0 @!@!@
  |line 131, col 65 to line 131, col 100 of module Crane_BuildGraphExecution: 341
@!@!@ENDMSG 2221 @!@!@
@!@!@STARTMSG 2221:0 @!@!@
  line 132, col 41 to line 132, col 82 of module Crane_BuildGraphExecution: 266
@!@!@ENDMSG 2221 @!@!@
@!@!@STARTMSG 2221:0 @!@!@
  line 133, col 41 to line 133, col 90 of module Crane_BuildGraphExecution: 159
@!@!@ENDMSG 2221 @!@!@
@!@!@STARTMSG 2221:0 @!@!@
  line 134, col 33 to line 135, col 59 of module Crane_BuildGraphExecution: 425
@!@!@ENDMSG 2221 @!@!@
@!@!@STARTMSG 2772:0 @!@!@
<WaitForDependency line 137, col 1 to line 137, col 23 of module Crane_BuildGraphExecution>: 40:283
@!@!@ENDMSG 2772 @!@!@
@!@!@STARTMSG 2221:0 @!@!@
  line 137, col 31 to line 137, col 60 of module Crane_BuildGraphExecution: 4911
@!@!@ENDMSG 2221 @!@!@
@!@!@STARTMSG 2221:0 @!@!@
  |line 137, col 31 to line 137, col 38 of module Crane_BuildGraphExecution: 4628
@!@!@ENDMSG 2221 @!@!@
@!@!@STARTMSG 2221:0 @!@!@
  line 138, col 34 to line 138, col 113 of module Crane_BuildGraphExecution: 283
@!@!@ENDMSG 2221 @!@!@
@!@!@STARTMSG 2221:0 @!@!@
  |line 138, col 34 to line 138, col 68 of module Crane_BuildGraphExecution: 283
@!@!@ENDMSG 2221 @!@!@
@!@!@STARTMSG 2221:0 @!@!@
  ||line 138, col 34 to line 138, col 39 of module Crane_BuildGraphExecution: 283
@!@!@ENDMSG 2221 @!@!@
@!@!@STARTMSG 2221:0 @!@!@
  ||line 138, col 44 to line 138, col 68 of module Crane_BuildGraphExecution: 227
@!@!@ENDMSG 2221 @!@!@
@!@!@STARTMSG 2221:0 @!@!@
  |line 138, col 73 to line 138, col 113 of module Crane_BuildGraphExecution: 163
@!@!@ENDMSG 2221 @!@!@
@!@!@STARTMSG 2221:0 @!@!@
  line 139, col 39 to line 140, col 88 of module Crane_BuildGraphExecution: 57
@!@!@ENDMSG 2221 @!@!@
@!@!@STARTMSG 2221:0 @!@!@
  line 141, col 45 to line 141, col 50 of module Crane_BuildGraphExecution: 226
@!@!@ENDMSG 2221 @!@!@
@!@!@STARTMSG 2221:0 @!@!@
  line 142, col 50 to line 142, col 91 of module Crane_BuildGraphExecution: 170
@!@!@ENDMSG 2221 @!@!@
@!@!@STARTMSG 2221:0 @!@!@
  line 143, col 50 to line 143, col 86 of module Crane_BuildGraphExecution: 56
@!@!@ENDMSG 2221 @!@!@
@!@!@STARTMSG 2221:0 @!@!@
  line 144, col 31 to line 145, col 57 of module Crane_BuildGraphExecution: 283
@!@!@ENDMSG 2221 @!@!@
@!@!@STARTMSG 2772:0 @!@!@
<BuildNode line 147, col 1 to line 147, col 15 of module Crane_BuildGraphExecution>: 655:1287
@!@!@ENDMSG 2772 @!@!@
@!@!@STARTMSG 2221:0 @!@!@
  line 147, col 23 to line 147, col 44 of module Crane_BuildGraphExecution: 5057
@!@!@ENDMSG 2221 @!@!@
@!@!@STARTMSG 2221:0 @!@!@
  |line 147, col 23 to line 147, col 30 of module Crane_BuildGraphExecution: 4628
@!@!@ENDMSG 2221 @!@!@
@!@!@STARTMSG 2221:0 @!@!@
  line 148, col 23 to line 150, col 68 of module Crane_BuildGraphExecution: 429
@!@!@ENDMSG 2221 @!@!@
@!@!@STARTMSG 2221:0 @!@!@
  line 151, col 23 to line 151, col 81 of module Crane_BuildGraphExecution: 1287
@!@!@ENDMSG 2221 @!@!@
@!@!@STARTMSG 2772:0 @!@!@
<WorkSucceeds line 153, col 1 to line 153, col 18 of module Crane_BuildGraphExecution>: 212:424
@!@!@ENDMSG 2772 @!@!@
@!@!@STARTMSG 2221:0 @!@!@
  line 153, col 26 to line 153, col 50 of module Crane_BuildGraphExecution: 5052
@!@!@ENDMSG 2221 @!@!@
@!@!@STARTMSG 2221:0 @!@!@
  |line 153, col 26 to line 153, col 33 of module Crane_BuildGraphExecution: 4628
@!@!@ENDMSG 2221 @!@!@
@!@!@STARTMSG 2221:0 @!@!@
  line 154, col 26 to line 154, col 79 of module Crane_BuildGraphExecution: 424
@!@!@ENDMSG 2221 @!@!@
@!@!@STARTMSG 2221:0 @!@!@
  line 155, col 26 to line 155, col 76 of module Crane_BuildGraphExecution: 424
@!@!@ENDMSG 2221 @!@!@
@!@!@STARTMSG 2221:0 @!@!@
  line 156, col 26 to line 156, col 59 of module Crane_BuildGraphExecution: 424
@!@!@ENDMSG 2221 @!@!@
@!@!@STARTMSG 2221:0 @!@!@
  line 157, col 26 to line 157, col 66 of module Crane_BuildGraphExecution: 424
@!@!@ENDMSG 2221 @!@!@
@!@!@STARTMSG 2772:0 @!@!@
<CacheHit line 159, col 1 to line 159, col 14 of module Crane_BuildGraphExecution>: 40:422
@!@!@ENDMSG 2772 @!@!@
@!@!@STARTMSG 2221:0 @!@!@
  line 159, col 22 to line 159, col 42 of module Crane_BuildGraphExecution: 5050
@!@!@ENDMSG 2221 @!@!@
@!@!@STARTMSG 2221:0 @!@!@
  |line 159, col 22 to line 159, col 29 of module Crane_BuildGraphExecution: 4628
@!@!@ENDMSG 2221 @!@!@
@!@!@STARTMSG 2221:0 @!@!@
  line 160, col 22 to line 160, col 75 of module Crane_BuildGraphExecution: 422
@!@!@ENDMSG 2221 @!@!@
@!@!@STARTMSG 2221:0 @!@!@
  line 161, col 22 to line 161, col 72 of module Crane_BuildGraphExecution: 422
@!@!@ENDMSG 2221 @!@!@
@!@!@STARTMSG 2221:0 @!@!@
  line 162, col 22 to line 162, col 55 of module Crane_BuildGraphExecution: 422
@!@!@ENDMSG 2221 @!@!@
@!@!@STARTMSG 2221:0 @!@!@
  line 163, col 22 to line 163, col 62 of module Crane_BuildGraphExecution: 422
@!@!@ENDMSG 2221 @!@!@
@!@!@STARTMSG 2772:0 @!@!@
<BuildError line 165, col 1 to line 165, col 16 of module Crane_BuildGraphExecution>: 254:420
@!@!@ENDMSG 2772 @!@!@
@!@!@STARTMSG 2221:0 @!@!@
  line 165, col 24 to line 165, col 46 of module Crane_BuildGraphExecution: 5048
@!@!@ENDMSG 2221 @!@!@
@!@!@STARTMSG 2221:0 @!@!@
  |line 165, col 24 to line 165, col 31 of module Crane_BuildGraphExecution: 4628
@!@!@ENDMSG 2221 @!@!@
@!@!@STARTMSG 2221:0 @!@!@
  line 166, col 24 to line 166, col 79 of module Crane_BuildGraphExecution: 420
@!@!@ENDMSG 2221 @!@!@
@!@!@STARTMSG 2221:0 @!@!@
  line 167, col 24 to line 167, col 36 of module Crane_BuildGraphExecution: 420
@!@!@ENDMSG 2221 @!@!@
@!@!@STARTMSG 2221:0 @!@!@
  line 168, col 24 to line 168, col 57 of module Crane_BuildGraphExecution: 420
@!@!@ENDMSG 2221 @!@!@
@!@!@STARTMSG 2221:0 @!@!@
  line 169, col 24 to line 169, col 68 of module Crane_BuildGraphExecution: 420
@!@!@ENDMSG 2221 @!@!@
@!@!@STARTMSG 2772:0 @!@!@
<Terminating line 177, col 1 to line 177, col 11 of module Crane_BuildGraphExecution>: 0:108
@!@!@ENDMSG 2772 @!@!@
@!@!@STARTMSG 2221:0 @!@!@
  line 177, col 40 to line 177, col 56 of module Crane_BuildGraphExecution: 2927
@!@!@ENDMSG 2221 @!@!@
@!@!@STARTMSG 2221:0 @!@!@
  |line 177, col 40 to line 177, col 47 of module Crane_BuildGraphExecution: 2711
@!@!@ENDMSG 2221 @!@!@
@!@!@STARTMSG 2221:0 @!@!@
  line 177, col 31 to line 177, col 37 of module Crane_BuildGraphExecution: 2314
@!@!@ENDMSG 2221 @!@!@
@!@!@STARTMSG 2221:0 @!@!@
  line 178, col 19 to line 178, col 32 of module Crane_BuildGraphExecution: 108
@!@!@ENDMSG 2221 @!@!@
@!@!@STARTMSG 2774:0 @!@!@
<TypeInvariant line 95, col 1 to line 95, col 13 of module Crane_BuildGraphExecution>
@!@!@ENDMSG 2774 @!@!@
@!@!@STARTMSG 2221:0 @!@!@
  line 95, col 18 to line 95, col 30 of module Crane_BuildGraphExecution: 2277
@!@!@ENDMSG 2221 @!@!@
@!@!@STARTMSG 2202:0 @!@!@
End of statistics.
@!@!@ENDMSG 2202 @!@!@
@!@!@STARTMSG 2200:0 @!@!@
Progress(23) at 2020-09-09 19:12:08: 5,121 states generated (79,211 s/min), 2,277 distinct states found (35,220 ds/min), 0 states left on queue.
@!@!@ENDMSG 2200 @!@!@
@!@!@STARTMSG 2199:0 @!@!@
5121 states generated, 2277 distinct states found, 0 states left on queue.
@!@!@ENDMSG 2199 @!@!@
@!@!@STARTMSG 2194:0 @!@!@
The depth of the complete state graph search is 23.
@!@!@ENDMSG 2194 @!@!@
@!@!@STARTMSG 2268:0 @!@!@
The average outdegree of the complete state graph is 1 (minimum is 0, the maximum 6 and the 95th percentile is 3).
@!@!@ENDMSG 2268 @!@!@
@!@!@STARTMSG 2186:0 @!@!@
Finished in 3895ms at (2020-09-09 19:12:08)
@!@!@ENDMSG 2186 @!@!@
