@!@!@STARTMSG 2262:0 @!@!@
TLC2 Version 2.15 of Day Month 20?? (rev: eb3ff99)
@!@!@ENDMSG 2262 @!@!@
@!@!@STARTMSG 2187:0 @!@!@
Running breadth-first search Model-Checking with fp 120 and seed -968940433467474783 with 45 workers on 64 cores with 15259MB heap and 34317MB offheap memory [pid: 1973999] (Linux 5.4.0-42-generic amd64, AdoptOpenJDK 14.0.1 x86_64, OffHeapDiskFPSet, DiskStateQueue).
@!@!@ENDMSG 2187 @!@!@
@!@!@STARTMSG 2220:0 @!@!@
Starting SANY...
@!@!@ENDMSG 2220 @!@!@
Parsing file /home/ostera/repos/github.com/AbstractMachinesLab/crane/spec/Crane_BuildGraphExecution.toolbox/Workers_stop_when_queue_is_empty/MC.tla
Parsing file /home/ostera/repos/github.com/AbstractMachinesLab/crane/spec/Crane_BuildGraphExecution.toolbox/Workers_stop_when_queue_is_empty/Crane_BuildGraphExecution.tla
Parsing file /home/ostera/Downloads/TLA/toolbox/plugins/org.lamport.tlatools_1.0.0.202004251858/tla2sany/StandardModules/TLC.tla
Parsing file /home/ostera/Downloads/TLA/toolbox/plugins/org.lamport.tlatools_1.0.0.202004251858/tla2sany/StandardModules/Naturals.tla
Parsing file /home/ostera/Downloads/TLA/toolbox/plugins/org.lamport.tlatools_1.0.0.202004251858/tla2sany/StandardModules/Integers.tla
Parsing file /home/ostera/Downloads/TLA/toolbox/plugins/org.lamport.tlatools_1.0.0.202004251858/tla2sany/StandardModules/Sequences.tla
Parsing file /home/ostera/Downloads/TLA/toolbox/plugins/org.lamport.tlatools_1.0.0.202004251858/tla2sany/StandardModules/FiniteSets.tla
Semantic processing of module Naturals
Semantic processing of module Integers
Semantic processing of module Sequences
Semantic processing of module Crane_BuildGraphExecution
Semantic processing of module FiniteSets
Semantic processing of module TLC
Semantic processing of module MC
@!@!@STARTMSG 2219:0 @!@!@
SANY finished.
@!@!@ENDMSG 2219 @!@!@
@!@!@STARTMSG 2185:0 @!@!@
Starting... (2020-09-09 19:31:36)
@!@!@ENDMSG 2185 @!@!@
@!@!@STARTMSG 2212:0 @!@!@
Implied-temporal checking--satisfiability problem has 2 branches.
@!@!@ENDMSG 2212 @!@!@
@!@!@STARTMSG 2189:0 @!@!@
Computing initial states...
@!@!@ENDMSG 2189 @!@!@
@!@!@STARTMSG 2190:0 @!@!@
Finished computing initial states: 1 distinct state generated at 2020-09-09 19:31:39.
@!@!@ENDMSG 2190 @!@!@
@!@!@STARTMSG 2192:0 @!@!@
Checking 2 branches of temporal properties for the current state space with 197150 total distinct states at (2020-09-09 19:31:42)
@!@!@ENDMSG 2192 @!@!@
@!@!@STARTMSG 2267:0 @!@!@
Finished checking temporal properties in 00s at 2020-09-09 19:31:42
@!@!@ENDMSG 2267 @!@!@
@!@!@STARTMSG 2200:0 @!@!@
Progress(18) at 2020-09-09 19:31:42: 318,079 states generated (318,079 s/min), 117,827 distinct states found (117,827 ds/min), 38,354 states left on queue.
@!@!@ENDMSG 2200 @!@!@
@!@!@STARTMSG 2200:0 @!@!@
Progress(24) at 2020-09-09 19:31:47: 1,377,931 states generated, 475,828 distinct states found, 0 states left on queue.
@!@!@ENDMSG 2200 @!@!@
@!@!@STARTMSG 2192:0 @!@!@
Checking 2 branches of temporal properties for the complete state space with 951656 total distinct states at (2020-09-09 19:31:47)
@!@!@ENDMSG 2192 @!@!@
@!@!@STARTMSG 2267:0 @!@!@
Finished checking temporal properties in 04s at 2020-09-09 19:31:51
@!@!@ENDMSG 2267 @!@!@
@!@!@STARTMSG 2193:0 @!@!@
Model checking completed. No error has been found.
  Estimates of the probability that TLC did not check all reachable states
  because two distinct states had the same fingerprint:
  calculated (optimistic):  val = 2.3E-8
  based on the actual fingerprints:  val = 1.2E-8
@!@!@ENDMSG 2193 @!@!@
@!@!@STARTMSG 2201:0 @!@!@
The coverage statistics at 2020-09-09 19:31:58
@!@!@ENDMSG 2201 @!@!@
@!@!@STARTMSG 2773:0 @!@!@
<Init line 124, col 1 to line 124, col 4 of module Crane_BuildGraphExecution>: 1:1
@!@!@ENDMSG 2773 @!@!@
@!@!@STARTMSG 2221:0 @!@!@
  line 125, col 9 to line 131, col 45 of module Crane_BuildGraphExecution: 1
@!@!@ENDMSG 2221 @!@!@
@!@!@STARTMSG 2772:0 @!@!@
<Loop line 133, col 1 to line 133, col 10 of module Crane_BuildGraphExecution>: 150152:371066
@!@!@ENDMSG 2772 @!@!@
@!@!@STARTMSG 2221:0 @!@!@
  line 133, col 18 to line 133, col 34 of module Crane_BuildGraphExecution: 1798664
@!@!@ENDMSG 2221 @!@!@
@!@!@STARTMSG 2221:0 @!@!@
  |line 133, col 18 to line 133, col 25 of module Crane_BuildGraphExecution: 1427598
@!@!@ENDMSG 2221 @!@!@
@!@!@STARTMSG 2221:0 @!@!@
  line 134, col 21 to line 134, col 38 of module Crane_BuildGraphExecution: 371066
@!@!@ENDMSG 2221 @!@!@
@!@!@STARTMSG 2221:0 @!@!@
  |line 134, col 21 to line 134, col 25 of module Crane_BuildGraphExecution: 371066
@!@!@ENDMSG 2221 @!@!@
@!@!@STARTMSG 2221:0 @!@!@
  |line 134, col 30 to line 134, col 38 of module Crane_BuildGraphExecution: 173771
@!@!@ENDMSG 2221 @!@!@
@!@!@STARTMSG 2221:0 @!@!@
  line 135, col 29 to line 135, col 62 of module Crane_BuildGraphExecution: 338943
@!@!@ENDMSG 2221 @!@!@
@!@!@STARTMSG 2221:0 @!@!@
  line 136, col 29 to line 136, col 69 of module Crane_BuildGraphExecution: 338943
@!@!@ENDMSG 2221 @!@!@
@!@!@STARTMSG 2221:0 @!@!@
  line 137, col 26 to line 140, col 62 of module Crane_BuildGraphExecution: 32123
@!@!@ENDMSG 2221 @!@!@
@!@!@STARTMSG 2221:0 @!@!@
  line 141, col 18 to line 141, col 49 of module Crane_BuildGraphExecution: 371066
@!@!@ENDMSG 2221 @!@!@
@!@!@STARTMSG 2772:0 @!@!@
<Work line 143, col 1 to line 143, col 10 of module Crane_BuildGraphExecution>: 63427:203156
@!@!@ENDMSG 2772 @!@!@
@!@!@STARTMSG 2221:0 @!@!@
  line 143, col 18 to line 143, col 34 of module Crane_BuildGraphExecution: 1529176
@!@!@ENDMSG 2221 @!@!@
@!@!@STARTMSG 2221:0 @!@!@
  |line 143, col 18 to line 143, col 25 of module Crane_BuildGraphExecution: 1427598
@!@!@ENDMSG 2221 @!@!@
@!@!@STARTMSG 2221:0 @!@!@
  line 144, col 18 to line 144, col 40 of module Crane_BuildGraphExecution: 203156
@!@!@ENDMSG 2221 @!@!@
@!@!@STARTMSG 2221:0 @!@!@
  |line 144, col 18 to line 144, col 34 of module Crane_BuildGraphExecution: 101578
@!@!@ENDMSG 2221 @!@!@
@!@!@STARTMSG 2221:0 @!@!@
  |line 144, col 39 to line 144, col 40 of module Crane_BuildGraphExecution: 101578
@!@!@ENDMSG 2221 @!@!@
@!@!@STARTMSG 2221:0 @!@!@
  line 145, col 18 to line 146, col 62 of module Crane_BuildGraphExecution: 101578
@!@!@ENDMSG 2221 @!@!@
@!@!@STARTMSG 2221:0 @!@!@
  line 147, col 18 to line 147, col 76 of module Crane_BuildGraphExecution: 203156
@!@!@ENDMSG 2221 @!@!@
@!@!@STARTMSG 2772:0 @!@!@
<CheckOnDependencies line 149, col 1 to line 149, col 25 of module Crane_BuildGraphExecution>: 14698:101555
@!@!@ENDMSG 2772 @!@!@
@!@!@STARTMSG 2221:0 @!@!@
  line 149, col 33 to line 149, col 64 of module Crane_BuildGraphExecution: 1529153
@!@!@ENDMSG 2221 @!@!@
@!@!@STARTMSG 2221:0 @!@!@
  |line 149, col 33 to line 149, col 40 of module Crane_BuildGraphExecution: 1427598
@!@!@ENDMSG 2221 @!@!@
@!@!@STARTMSG 2221:0 @!@!@
  line 150, col 36 to line 150, col 143 of module Crane_BuildGraphExecution: 101555
@!@!@ENDMSG 2221 @!@!@
@!@!@STARTMSG 2221:0 @!@!@
  |line 150, col 36 to line 150, col 60 of module Crane_BuildGraphExecution: 101555
@!@!@ENDMSG 2221 @!@!@
@!@!@STARTMSG 2221:0 @!@!@
  |line 150, col 66 to line 150, col 142 of module Crane_BuildGraphExecution: 84314
@!@!@ENDMSG 2221 @!@!@
@!@!@STARTMSG 2221:0 @!@!@
  ||line 150, col 66 to line 150, col 101 of module Crane_BuildGraphExecution: 84314
@!@!@ENDMSG 2221 @!@!@
@!@!@STARTMSG 2221:0 @!@!@
  ||line 150, col 106 to line 150, col 142 of module Crane_BuildGraphExecution: 54413
@!@!@ENDMSG 2221 @!@!@
@!@!@STARTMSG 2221:0 @!@!@
  line 151, col 41 to line 151, col 82 of module Crane_BuildGraphExecution: 59802
@!@!@ENDMSG 2221 @!@!@
@!@!@STARTMSG 2221:0 @!@!@
  line 152, col 41 to line 152, col 90 of module Crane_BuildGraphExecution: 41753
@!@!@ENDMSG 2221 @!@!@
@!@!@STARTMSG 2221:0 @!@!@
  line 153, col 33 to line 154, col 59 of module Crane_BuildGraphExecution: 101555
@!@!@ENDMSG 2221 @!@!@
@!@!@STARTMSG 2772:0 @!@!@
<WaitForDependency line 156, col 1 to line 156, col 23 of module Crane_BuildGraphExecution>: 13086:82740
@!@!@ENDMSG 2772 @!@!@
@!@!@STARTMSG 2221:0 @!@!@
  line 156, col 31 to line 156, col 60 of module Crane_BuildGraphExecution: 1510338
@!@!@ENDMSG 2221 @!@!@
@!@!@STARTMSG 2221:0 @!@!@
  |line 156, col 31 to line 156, col 38 of module Crane_BuildGraphExecution: 1427598
@!@!@ENDMSG 2221 @!@!@
@!@!@STARTMSG 2221:0 @!@!@
  line 157, col 34 to line 157, col 113 of module Crane_BuildGraphExecution: 82740
@!@!@ENDMSG 2221 @!@!@
@!@!@STARTMSG 2221:0 @!@!@
  |line 157, col 34 to line 157, col 68 of module Crane_BuildGraphExecution: 82740
@!@!@ENDMSG 2221 @!@!@
@!@!@STARTMSG 2221:0 @!@!@
  ||line 157, col 34 to line 157, col 39 of module Crane_BuildGraphExecution: 82740
@!@!@ENDMSG 2221 @!@!@
@!@!@STARTMSG 2221:0 @!@!@
  ||line 157, col 44 to line 157, col 68 of module Crane_BuildGraphExecution: 57228
@!@!@ENDMSG 2221 @!@!@
@!@!@STARTMSG 2221:0 @!@!@
  |line 157, col 73 to line 157, col 113 of module Crane_BuildGraphExecution: 45416
@!@!@ENDMSG 2221 @!@!@
@!@!@STARTMSG 2221:0 @!@!@
  line 158, col 39 to line 159, col 88 of module Crane_BuildGraphExecution: 15416
@!@!@ENDMSG 2221 @!@!@
@!@!@STARTMSG 2221:0 @!@!@
  line 160, col 45 to line 160, col 50 of module Crane_BuildGraphExecution: 67324
@!@!@ENDMSG 2221 @!@!@
@!@!@STARTMSG 2221:0 @!@!@
  line 161, col 50 to line 161, col 91 of module Crane_BuildGraphExecution: 41812
@!@!@ENDMSG 2221 @!@!@
@!@!@STARTMSG 2221:0 @!@!@
  line 162, col 50 to line 162, col 86 of module Crane_BuildGraphExecution: 25512
@!@!@ENDMSG 2221 @!@!@
@!@!@STARTMSG 2221:0 @!@!@
  line 163, col 31 to line 164, col 57 of module Crane_BuildGraphExecution: 82740
@!@!@ENDMSG 2221 @!@!@
@!@!@STARTMSG 2772:0 @!@!@
<BuildNode line 166, col 1 to line 166, col 15 of module Crane_BuildGraphExecution>: 110582:304665
@!@!@ENDMSG 2772 @!@!@
@!@!@STARTMSG 2221:0 @!@!@
  line 166, col 23 to line 166, col 44 of module Crane_BuildGraphExecution: 1529153
@!@!@ENDMSG 2221 @!@!@
@!@!@STARTMSG 2221:0 @!@!@
  |line 166, col 23 to line 166, col 30 of module Crane_BuildGraphExecution: 1427598
@!@!@ENDMSG 2221 @!@!@
@!@!@STARTMSG 2221:0 @!@!@
  line 167, col 23 to line 169, col 68 of module Crane_BuildGraphExecution: 101555
@!@!@ENDMSG 2221 @!@!@
@!@!@STARTMSG 2221:0 @!@!@
  line 170, col 23 to line 170, col 81 of module Crane_BuildGraphExecution: 304665
@!@!@ENDMSG 2221 @!@!@
@!@!@STARTMSG 2772:0 @!@!@
<WorkSucceeds line 172, col 1 to line 172, col 18 of module Crane_BuildGraphExecution>: 39992:101552
@!@!@ENDMSG 2772 @!@!@
@!@!@STARTMSG 2221:0 @!@!@
  line 172, col 26 to line 172, col 50 of module Crane_BuildGraphExecution: 1529150
@!@!@ENDMSG 2221 @!@!@
@!@!@STARTMSG 2221:0 @!@!@
  |line 172, col 26 to line 172, col 33 of module Crane_BuildGraphExecution: 1427598
@!@!@ENDMSG 2221 @!@!@
@!@!@STARTMSG 2221:0 @!@!@
  line 173, col 26 to line 173, col 79 of module Crane_BuildGraphExecution: 101552
@!@!@ENDMSG 2221 @!@!@
@!@!@STARTMSG 2221:0 @!@!@
  line 174, col 26 to line 174, col 76 of module Crane_BuildGraphExecution: 101552
@!@!@ENDMSG 2221 @!@!@
@!@!@STARTMSG 2221:0 @!@!@
  line 175, col 26 to line 175, col 59 of module Crane_BuildGraphExecution: 101552
@!@!@ENDMSG 2221 @!@!@
@!@!@STARTMSG 2221:0 @!@!@
  line 176, col 26 to line 176, col 66 of module Crane_BuildGraphExecution: 101552
@!@!@ENDMSG 2221 @!@!@
@!@!@STARTMSG 2772:0 @!@!@
<CacheHit line 178, col 1 to line 178, col 14 of module Crane_BuildGraphExecution>: 40126:101551
@!@!@ENDMSG 2772 @!@!@
@!@!@STARTMSG 2221:0 @!@!@
  line 178, col 22 to line 178, col 42 of module Crane_BuildGraphExecution: 1529149
@!@!@ENDMSG 2221 @!@!@
@!@!@STARTMSG 2221:0 @!@!@
  |line 178, col 22 to line 178, col 29 of module Crane_BuildGraphExecution: 1427598
@!@!@ENDMSG 2221 @!@!@
@!@!@STARTMSG 2221:0 @!@!@
  line 179, col 22 to line 179, col 76 of module Crane_BuildGraphExecution: 101551
@!@!@ENDMSG 2221 @!@!@
@!@!@STARTMSG 2221:0 @!@!@
  line 180, col 22 to line 180, col 72 of module Crane_BuildGraphExecution: 101551
@!@!@ENDMSG 2221 @!@!@
@!@!@STARTMSG 2221:0 @!@!@
  line 181, col 22 to line 181, col 55 of module Crane_BuildGraphExecution: 101551
@!@!@ENDMSG 2221 @!@!@
@!@!@STARTMSG 2221:0 @!@!@
  line 182, col 22 to line 182, col 62 of module Crane_BuildGraphExecution: 101551
@!@!@ENDMSG 2221 @!@!@
@!@!@STARTMSG 2772:0 @!@!@
<BuildError line 184, col 1 to line 184, col 16 of module Crane_BuildGraphExecution>: 43764:101549
@!@!@ENDMSG 2772 @!@!@
@!@!@STARTMSG 2221:0 @!@!@
  line 184, col 24 to line 184, col 46 of module Crane_BuildGraphExecution: 1529147
@!@!@ENDMSG 2221 @!@!@
@!@!@STARTMSG 2221:0 @!@!@
  |line 184, col 24 to line 184, col 31 of module Crane_BuildGraphExecution: 1427598
@!@!@ENDMSG 2221 @!@!@
@!@!@STARTMSG 2221:0 @!@!@
  line 185, col 24 to line 185, col 79 of module Crane_BuildGraphExecution: 101549
@!@!@ENDMSG 2221 @!@!@
@!@!@STARTMSG 2221:0 @!@!@
  line 186, col 24 to line 186, col 36 of module Crane_BuildGraphExecution: 101549
@!@!@ENDMSG 2221 @!@!@
@!@!@STARTMSG 2221:0 @!@!@
  line 187, col 24 to line 187, col 57 of module Crane_BuildGraphExecution: 101549
@!@!@ENDMSG 2221 @!@!@
@!@!@STARTMSG 2221:0 @!@!@
  line 188, col 24 to line 188, col 68 of module Crane_BuildGraphExecution: 101549
@!@!@ENDMSG 2221 @!@!@
@!@!@STARTMSG 2772:0 @!@!@
<Terminating line 196, col 1 to line 196, col 11 of module Crane_BuildGraphExecution>: 0:10257
@!@!@ENDMSG 2772 @!@!@
@!@!@STARTMSG 2221:0 @!@!@
  line 196, col 40 to line 196, col 56 of module Crane_BuildGraphExecution: 663015
@!@!@ENDMSG 2221 @!@!@
@!@!@STARTMSG 2221:0 @!@!@
  |line 196, col 40 to line 196, col 47 of module Crane_BuildGraphExecution: 632244
@!@!@ENDMSG 2221 @!@!@
@!@!@STARTMSG 2221:0 @!@!@
  line 196, col 31 to line 196, col 37 of module Crane_BuildGraphExecution: 475866
@!@!@ENDMSG 2221 @!@!@
@!@!@STARTMSG 2221:0 @!@!@
  line 197, col 19 to line 197, col 32 of module Crane_BuildGraphExecution: 10257
@!@!@ENDMSG 2221 @!@!@
@!@!@STARTMSG 2774:0 @!@!@
<TypeInvariant line 113, col 1 to line 113, col 13 of module Crane_BuildGraphExecution>
@!@!@ENDMSG 2774 @!@!@
@!@!@STARTMSG 2221:0 @!@!@
  line 113, col 18 to line 113, col 30 of module Crane_BuildGraphExecution: 475828
@!@!@ENDMSG 2221 @!@!@
@!@!@STARTMSG 2202:0 @!@!@
End of statistics.
@!@!@ENDMSG 2202 @!@!@
@!@!@STARTMSG 2200:0 @!@!@
Progress(24) at 2020-09-09 19:31:58: 1,377,931 states generated (3,668,124 s/min), 475,828 distinct states found (1,266,679 ds/min), 0 states left on queue.
@!@!@ENDMSG 2200 @!@!@
@!@!@STARTMSG 2199:0 @!@!@
1377931 states generated, 475828 distinct states found, 0 states left on queue.
@!@!@ENDMSG 2199 @!@!@
@!@!@STARTMSG 2194:0 @!@!@
The depth of the complete state graph search is 24.
@!@!@ENDMSG 2194 @!@!@
@!@!@STARTMSG 2268:0 @!@!@
The average outdegree of the complete state graph is 1 (minimum is 0, the maximum 8 and the 95th percentile is 3).
@!@!@ENDMSG 2268 @!@!@
@!@!@STARTMSG 2186:0 @!@!@
Finished in 22559ms at (2020-09-09 19:31:58)
@!@!@ENDMSG 2186 @!@!@
